<?xml version="1.0" encoding="UTF-8"?>
<!-- Generated by org.testng.reporters.JUnitXMLReporter -->
<testsuite ignored="0" hostname="DESKTOP-T8H87ST" failures="1" tests="1" name="Test" time="2.526" errors="0" timestamp="2023-07-30T12:45:28 IST">
  <testcase classname="calender.Calender" name="calender" time="2.372">
    <failure type="java.lang.IllegalStateException" message="The driver executable must exist: D:\Selenium-workspace2\RahualShettySelenium2023\.\src\main\resources\chromedriver_2.exe">
      <![CDATA[java.lang.IllegalStateException: The driver executable must exist: D:\Selenium-workspace2\RahualShettySelenium2023\.\src\main\resources\chromedriver_2.exe
at org.openqa.selenium.internal.Require$FileStateChecker.isFile(Require.java:345)
at org.openqa.selenium.remote.service.DriverService.checkExecutable(DriverService.java:161)
at org.openqa.selenium.remote.service.DriverService.findExecutable(DriverService.java:156)
at org.openqa.selenium.chrome.ChromeDriverService.access$000(ChromeDriverService.java:42)
at org.openqa.selenium.chrome.ChromeDriverService$Builder.findDefaultExecutable(ChromeDriverService.java:315)
at org.openqa.selenium.remote.service.DriverService$Builder.build(DriverService.java:456)
at org.openqa.selenium.chrome.ChromeDriverService.createServiceWithConfig(ChromeDriverService.java:165)
at org.openqa.selenium.chrome.ChromeDriver.<init>(ChromeDriver.java:71)
at calender.Calender.calender(Calender.java:20)
at java.base/java.util.ArrayList.forEach(ArrayList.java:1511)
... Removed 27 stack frames]]>
    </failure>
  </testcase> <!-- calender -->
</testsuite> <!-- Test -->
