<?xml version="1.0" encoding="UTF-8"?>
<testng-results ignored="0" total="1" passed="1" failed="0" skipped="0">
  <reporter-output>
  </reporter-output>
  <suite started-at="2023-08-09T06:43:03 IST" name="Default suite" finished-at="2023-08-09T06:45:03 IST" duration-ms="119452">
    <groups>
    </groups>
    <test started-at="2023-08-09T06:43:03 IST" name="Default test" finished-at="2023-08-09T06:45:03 IST" duration-ms="119452">
      <class name="ActionsDemo.moveToElement">
        <test-method signature="rightClick()[pri:0, instance:ActionsDemo.moveToElement@5d7148e2]" started-at="2023-08-09T06:43:03 IST" name="rightClick" finished-at="2023-08-09T06:45:03 IST" duration-ms="119320" status="PASS">
          <reporter-output>
          </reporter-output>
        </test-method> <!-- rightClick -->
      </class> <!-- ActionsDemo.moveToElement -->
    </test> <!-- Default test -->
  </suite> <!-- Default suite -->
</testng-results>
